TN:
SF:createUser.js
FN:5,(anonymous_0)
FN:20,(anonymous_1)
FN:30,(anonymous_2)
FN:40,(anonymous_3)
FN:46,encrypt
FN:62,isInvalid
FN:72,(anonymous_6)
FNF:7
FNH:7
FNDA:4,(anonymous_0)
FNDA:2,(anonymous_1)
FNDA:2,(anonymous_2)
FNDA:1,(anonymous_3)
FNDA:3,encrypt
FNDA:4,isInvalid
FNDA:3,(anonymous_6)
DA:2,1
DA:3,1
DA:5,1
DA:6,4
DA:7,4
DA:9,4
DA:10,1
DA:16,1
DA:19,3
DA:21,2
DA:22,2
DA:24,2
DA:25,2
DA:30,2
DA:31,2
DA:32,2
DA:34,1
DA:41,1
DA:47,3
DA:49,3
DA:54,3
DA:55,3
DA:56,2
DA:58,1
DA:63,4
DA:72,1
DA:73,3
DA:75,1
DA:76,1
LF:29
LH:29
BRDA:9,0,0,1
BRDA:9,0,1,3
BRDA:32,1,0,1
BRDA:32,1,1,1
BRDA:64,2,0,4
BRDA:64,2,1,4
BRDA:64,2,2,3
BRDA:64,2,3,3
BRDA:64,2,4,3
BRF:9
BRH:9
end_of_record
TN:
SF:getUser.js
FN:4,(anonymous_0)
FN:16,(anonymous_1)
FN:27,(anonymous_2)
FNF:3
FNH:3
FNDA:3,(anonymous_0)
FNDA:3,(anonymous_1)
FNDA:3,(anonymous_2)
DA:2,1
DA:4,1
DA:5,3
DA:6,3
DA:8,3
DA:16,3
DA:17,3
DA:19,2
DA:27,1
DA:28,3
LF:10
LH:10
BRDA:17,0,0,1
BRDA:17,0,1,2
BRF:2
BRH:2
end_of_record
